<?xml version="1.0" encoding="UTF-8"?>
<!-- Generated by org.testng.reporters.JUnitReportReporter -->
<testsuite hostname="VrundaV" failures="0" tests="1" name="TestCases.TC02SecuredCCDAP" time="22.282" errors="0" timestamp="2022-06-24T16:49:52 IST" skipped="1">
  <testcase classname="TestCases.TC02SecuredCCDAP" name="SecuredCCDap" time="22.282">
    <skipped/>
  </testcase> <!-- SecuredCCDap -->
  <system-out/>
</testsuite> <!-- TestCases.TC02SecuredCCDAP -->
