<?xml version="1.0" encoding="UTF-8"?>
<!-- Generated by org.testng.reporters.JUnitReportReporter -->
<testsuite hostname="VrundaV" failures="0" tests="1" name="TestCases.TC20HLDAPHomeLoanOverdraftNonIndividual" time="1.599" errors="0" timestamp="2022-07-12T14:39:08 IST" skipped="1">
  <testcase classname="TestCases.TC20HLDAPHomeLoanOverdraftNonIndividual" name="HLDAPHomeLoanOverdraftNonIndividual" time="1.599">
    <skipped/>
  </testcase> <!-- HLDAPHomeLoanOverdraftNonIndividual -->
  <system-out/>
</testsuite> <!-- TestCases.TC20HLDAPHomeLoanOverdraftNonIndividual -->
