<?xml version="1.0" encoding="UTF-8"?>
<!-- Generated by org.testng.reporters.JUnitReportReporter -->
<testsuite hostname="VrundaV" failures="0" tests="1" name="TestCases.TC08HLDAPSalariedBalanceTransferNRI" time="1034.135" errors="0" timestamp="2022-06-24T16:49:52 IST" skipped="0">
  <testcase classname="TestCases.TC08HLDAPSalariedBalanceTransferNRI" name="HLDAPSalariedBalancetransferNRI" time="1034.135"/>
  <system-out/>
</testsuite> <!-- TestCases.TC08HLDAPSalariedBalanceTransferNRI -->
