<?xml version="1.0" encoding="UTF-8"?>
<!-- Generated by org.testng.reporters.JUnitReportReporter -->
<testsuite hostname="VrundaV" failures="0" tests="1" name="TestCases.TC04HLDAPSalariedHomeLoanNRI" time="7.312" errors="0" timestamp="2022-06-24T16:49:52 IST" skipped="1">
  <testcase classname="TestCases.TC04HLDAPSalariedHomeLoanNRI" name="HLDAPSalariedHomeloanNRI" time="7.312">
    <skipped/>
  </testcase> <!-- HLDAPSalariedHomeloanNRI -->
  <system-out/>
</testsuite> <!-- TestCases.TC04HLDAPSalariedHomeLoanNRI -->
