<?xml version="1.0" encoding="UTF-8"?>
<!-- Generated by org.testng.reporters.JUnitReportReporter -->
<testsuite hostname="VrundaV" failures="0" tests="1" name="TestCases.TC06HLDAPHomeLoanNonIndividual" time="0.555" errors="0" timestamp="2022-06-30T17:20:38 IST" skipped="1">
  <testcase classname="TestCases.TC06HLDAPHomeLoanNonIndividual" name="HLDAPHomeLoanNonIndividual" time="0.555">
    <skipped/>
  </testcase> <!-- HLDAPHomeLoanNonIndividual -->
  <system-out/>
</testsuite> <!-- TestCases.TC06HLDAPHomeLoanNonIndividual -->
