<?xml version="1.0" encoding="UTF-8"?>
<!-- Generated by org.testng.reporters.JUnitReportReporter -->
<testsuite hostname="VrundaV" failures="0" tests="1" name="TestCases.HLDAPSalariedBalanceTransferNRI" time="0.434" errors="0" timestamp="2022-06-22T15:37:04 IST" skipped="1">
  <testcase classname="TestCases.HLDAPSalariedBalanceTransferNRI" name="HLDAPSalariedBalancetransferNRI" time="0.434">
    <skipped/>
  </testcase> <!-- HLDAPSalariedBalancetransferNRI -->
  <system-out/>
</testsuite> <!-- TestCases.HLDAPSalariedBalanceTransferNRI -->
