<?xml version="1.0" encoding="UTF-8"?>
<!-- Generated by org.testng.reporters.JUnitReportReporter -->
<testsuite hostname="VrundaV" failures="0" tests="1" name="TestCases.TC07HLDAPBalanceTransferSalariedIndian" time="0.658" errors="0" timestamp="2022-06-30T17:20:38 IST" skipped="1">
  <testcase classname="TestCases.TC07HLDAPBalanceTransferSalariedIndian" name="HLDAPBalanceTransferSalariedIndian" time="0.658">
    <skipped/>
  </testcase> <!-- HLDAPBalanceTransferSalariedIndian -->
  <system-out/>
</testsuite> <!-- TestCases.TC07HLDAPBalanceTransferSalariedIndian -->
