<?xml version="1.0" encoding="UTF-8"?>
<!-- Generated by org.testng.reporters.JUnitReportReporter -->
<testsuite hostname="VrundaV" failures="0" tests="1" name="TestCases.TC05HLDAPSelfEmpIndividualHomeLoan" time="8.544" errors="0" timestamp="2022-06-24T16:49:52 IST" skipped="1">
  <testcase classname="TestCases.TC05HLDAPSelfEmpIndividualHomeLoan" name="HLDAPSelfEmpIndividualHomeloan" time="8.544">
    <skipped/>
  </testcase> <!-- HLDAPSelfEmpIndividualHomeloan -->
  <system-out/>
</testsuite> <!-- TestCases.TC05HLDAPSelfEmpIndividualHomeLoan -->
