<?xml version="1.0" encoding="UTF-8"?>
<!-- Generated by org.testng.reporters.JUnitReportReporter -->
<testsuite hostname="VrundaV" failures="0" tests="1" name="TestCases.TC19HLDAPHomeLoanOverdraftIndividual" time="1.546" errors="0" timestamp="2022-07-12T14:39:08 IST" skipped="1">
  <testcase classname="TestCases.TC19HLDAPHomeLoanOverdraftIndividual" name="HLDAPHomeLoanOverdraftIndividual" time="1.546">
    <skipped/>
  </testcase> <!-- HLDAPHomeLoanOverdraftIndividual -->
  <system-out/>
</testsuite> <!-- TestCases.TC19HLDAPHomeLoanOverdraftIndividual -->
