<?xml version="1.0" encoding="UTF-8"?>
<!-- Generated by org.testng.reporters.JUnitReportReporter -->
<testsuite hostname="VrundaV" failures="0" tests="1" name="TestCases.TC17HLDAPKotakSmartHomeIndividual" time="24.601" errors="0" timestamp="2022-06-30T17:20:38 IST" skipped="1">
  <testcase classname="TestCases.TC17HLDAPKotakSmartHomeIndividual" name="HLDAPKotakSmartHomeIndividual" time="24.601">
    <skipped/>
  </testcase> <!-- HLDAPKotakSmartHomeIndividual -->
  <system-out/>
</testsuite> <!-- TestCases.TC17HLDAPKotakSmartHomeIndividual -->
