<?xml version="1.0" encoding="UTF-8"?>
<!-- Generated by org.testng.reporters.JUnitReportReporter -->
<testsuite hostname="VrundaV" failures="0" tests="1" name="TestCases.TC09HLDAPBalanceTransferIndividual" time="0.729" errors="0" timestamp="2022-06-30T17:20:38 IST" skipped="1">
  <testcase classname="TestCases.TC09HLDAPBalanceTransferIndividual" name="HLDAPBalanceTransferIndividual" time="0.729">
    <skipped/>
  </testcase> <!-- HLDAPBalanceTransferIndividual -->
  <system-out/>
</testsuite> <!-- TestCases.TC09HLDAPBalanceTransferIndividual -->
