<?xml version="1.0" encoding="UTF-8"?>
<!-- Generated by org.testng.reporters.JUnitReportReporter -->
<testsuite hostname="VrundaV" failures="0" tests="1" name="TestCases.HLDAPSelfEmpNonIndividualHomeLoan" time="0.457" errors="0" timestamp="2022-06-20T17:49:05 IST" skipped="1">
  <testcase classname="TestCases.HLDAPSelfEmpNonIndividualHomeLoan" name="HLDAPSelfEmpNonIndividualHomeloan" time="0.457">
    <skipped/>
  </testcase> <!-- HLDAPSelfEmpNonIndividualHomeloan -->
  <system-out/>
</testsuite> <!-- TestCases.HLDAPSelfEmpNonIndividualHomeLoan -->
