<?xml version="1.0" encoding="UTF-8"?>
<!-- Generated by org.testng.reporters.JUnitReportReporter -->
<testsuite hostname="VrundaV" failures="0" tests="1" name="TestCases.TC08HLDAPBalanceTransferSalariedNRI" time="0.696" errors="0" timestamp="2022-06-30T17:20:38 IST" skipped="1">
  <testcase classname="TestCases.TC08HLDAPBalanceTransferSalariedNRI" name="HLDAPBalanceTransferSalariedNRI" time="0.696">
    <skipped/>
  </testcase> <!-- HLDAPBalanceTransferSalariedNRI -->
  <system-out/>
</testsuite> <!-- TestCases.TC08HLDAPBalanceTransferSalariedNRI -->
