<?xml version="1.0" encoding="UTF-8"?>
<!-- Generated by org.testng.reporters.JUnitReportReporter -->
<testsuite hostname="VrundaV" failures="0" tests="1" name="TestCases.TC15HLDAPKotakSmartHomeSalariedIndian" time="1.275" errors="0" timestamp="2022-07-12T14:39:08 IST" skipped="1">
  <testcase classname="TestCases.TC15HLDAPKotakSmartHomeSalariedIndian" name="HLDAPKotakSmartHomeSalariedIndian" time="1.275">
    <skipped/>
  </testcase> <!-- HLDAPKotakSmartHomeSalariedIndian -->
  <system-out/>
</testsuite> <!-- TestCases.TC15HLDAPKotakSmartHomeSalariedIndian -->
