<?xml version="1.0" encoding="UTF-8"?>
<!-- Generated by org.testng.reporters.JUnitReportReporter -->
<testsuite hostname="VrundaV" failures="0" tests="1" name="TestCases.TC10HLDAPBalanceTransferNonIndividual" time="0.783" errors="0" timestamp="2022-06-30T17:20:38 IST" skipped="1">
  <testcase classname="TestCases.TC10HLDAPBalanceTransferNonIndividual" name="HLDAPBalanceTransferNonIndividual" time="0.783">
    <skipped/>
  </testcase> <!-- HLDAPBalanceTransferNonIndividual -->
  <system-out/>
</testsuite> <!-- TestCases.TC10HLDAPBalanceTransferNonIndividual -->
