<?xml version="1.0" encoding="UTF-8"?>
<!-- Generated by org.testng.reporters.JUnitReportReporter -->
<testsuite hostname="VrundaV" failures="0" tests="1" name="TestCases.TC13HLDAPOnlyTopUpIndividual" time="0.956" errors="0" timestamp="2022-06-30T17:20:38 IST" skipped="1">
  <testcase classname="TestCases.TC13HLDAPOnlyTopUpIndividual" name="HLDAPOnlyTopUpIndividual" time="0.956">
    <skipped/>
  </testcase> <!-- HLDAPOnlyTopUpIndividual -->
  <system-out/>
</testsuite> <!-- TestCases.TC13HLDAPOnlyTopUpIndividual -->
