<?xml version="1.0" encoding="UTF-8"?>
<!-- Generated by org.testng.reporters.JUnitReportReporter -->
<testsuite hostname="VrundaV" failures="0" tests="1" name="TestCases.TC09HLDAPBalanceTransferIndividual" time="0.831" errors="0" timestamp="2022-07-12T14:39:08 IST" skipped="1">
  <testcase classname="TestCases.TC09HLDAPBalanceTransferIndividual" name="HLDAPBalanceTransferIndividual" time="0.831">
    <skipped/>
  </testcase> <!-- HLDAPBalanceTransferIndividual -->
  <system-out/>
</testsuite> <!-- TestCases.TC09HLDAPBalanceTransferIndividual -->
