<?xml version="1.0" encoding="UTF-8"?>
<!-- Generated by org.testng.reporters.JUnitReportReporter -->
<testsuite hostname="VrundaV" failures="0" tests="1" name="TestCases.TC18HLDAPHomeLoanOverdraftSalariedIndian" time="1.478" errors="0" timestamp="2022-07-12T14:39:08 IST" skipped="1">
  <testcase classname="TestCases.TC18HLDAPHomeLoanOverdraftSalariedIndian" name="HLDAPHomeLoanOverdraftSalariedIndian" time="1.478">
    <skipped/>
  </testcase> <!-- HLDAPHomeLoanOverdraftSalariedIndian -->
  <system-out/>
</testsuite> <!-- TestCases.TC18HLDAPHomeLoanOverdraftSalariedIndian -->
