<?xml version="1.0" encoding="UTF-8"?>
<!-- Generated by org.testng.reporters.JUnitReportReporter -->
<testsuite hostname="VrundaV" failures="0" tests="1" name="TestCases.TC06HLDAPSelfEmpNonIndividualHomeLoan" time="9.697" errors="0" timestamp="2022-06-24T16:49:52 IST" skipped="1">
  <testcase classname="TestCases.TC06HLDAPSelfEmpNonIndividualHomeLoan" name="HLDAPSelfEmpNonIndividualHomeloan" time="9.697">
    <skipped/>
  </testcase> <!-- HLDAPSelfEmpNonIndividualHomeloan -->
  <system-out/>
</testsuite> <!-- TestCases.TC06HLDAPSelfEmpNonIndividualHomeLoan -->
