<?xml version="1.0" encoding="UTF-8"?>
<!-- Generated by org.testng.reporters.JUnitReportReporter -->
<testsuite hostname="VrundaV" failures="0" tests="1" name="TestCases.TC16HLDAPKotakSmartHomeSalariedNRI" time="25.922" errors="0" timestamp="2022-06-30T17:20:38 IST" skipped="1">
  <testcase classname="TestCases.TC16HLDAPKotakSmartHomeSalariedNRI" name="HLDAPKotakSmartHomeSalariedNRI" time="25.922">
    <skipped/>
  </testcase> <!-- HLDAPKotakSmartHomeSalariedNRI -->
  <system-out/>
</testsuite> <!-- TestCases.TC16HLDAPKotakSmartHomeSalariedNRI -->
