<?xml version="1.0" encoding="UTF-8"?>
<!-- Generated by org.testng.reporters.JUnitReportReporter -->
<testsuite hostname="VrundaV" failures="0" tests="1" name="TestCases.TC07HLDAPBalanceTransferSalariedIndian" time="0.734" errors="0" timestamp="2022-07-12T14:39:08 IST" skipped="1">
  <testcase classname="TestCases.TC07HLDAPBalanceTransferSalariedIndian" name="HLDAPBalanceTransferSalariedIndian" time="0.734">
    <skipped/>
  </testcase> <!-- HLDAPBalanceTransferSalariedIndian -->
  <system-out/>
</testsuite> <!-- TestCases.TC07HLDAPBalanceTransferSalariedIndian -->
