<?xml version="1.0" encoding="UTF-8"?>
<!-- Generated by org.testng.reporters.JUnitReportReporter -->
<testsuite hostname="VrundaV" failures="0" tests="1" name="TestCases.TC12HLDAPOnlyTopUpSalariedNRI" time="1.145" errors="0" timestamp="2022-07-12T14:39:08 IST" skipped="1">
  <testcase classname="TestCases.TC12HLDAPOnlyTopUpSalariedNRI" name="HLDAPOnlyTopUpSalariedNRI" time="1.145">
    <skipped/>
  </testcase> <!-- HLDAPOnlyTopUpSalariedNRI -->
  <system-out/>
</testsuite> <!-- TestCases.TC12HLDAPOnlyTopUpSalariedNRI -->
