<?xml version="1.0" encoding="UTF-8"?>
<!-- Generated by org.testng.reporters.JUnitReportReporter -->
<testsuite hostname="VrundaV" failures="0" tests="1" name="TestCases.TC03HLDAPSalariedHomeLoanIndian" time="5.881" errors="0" timestamp="2022-06-24T16:49:52 IST" skipped="1">
  <testcase classname="TestCases.TC03HLDAPSalariedHomeLoanIndian" name="HLDAPSalariedHomeloanIndian" time="5.881">
    <skipped/>
  </testcase> <!-- HLDAPSalariedHomeloanIndian -->
  <system-out/>
</testsuite> <!-- TestCases.TC03HLDAPSalariedHomeLoanIndian -->
