<?xml version="1.0" encoding="UTF-8"?>
<!-- Generated by org.testng.reporters.JUnitReportReporter -->
<testsuite hostname="VrundaV" failures="0" tests="1" name="TestCases.TC12HLDAPSalariedOnlyTopUpNRI" time="18.300" errors="0" timestamp="2022-06-24T16:49:52 IST" skipped="1">
  <testcase classname="TestCases.TC12HLDAPSalariedOnlyTopUpNRI" name="HLDAPSalariedOnlyTopupNRI" time="18.300">
    <skipped/>
  </testcase> <!-- HLDAPSalariedOnlyTopupNRI -->
  <system-out/>
</testsuite> <!-- TestCases.TC12HLDAPSalariedOnlyTopUpNRI -->
