<?xml version="1.0" encoding="UTF-8"?>
<!-- Generated by org.testng.reporters.JUnitReportReporter -->
<testsuite hostname="VrundaV" failures="0" tests="1" name="TestCases.TC11HLDAPSalariedOnlyTopUpIndian" time="17.400" errors="0" timestamp="2022-06-24T16:49:52 IST" skipped="1">
  <testcase classname="TestCases.TC11HLDAPSalariedOnlyTopUpIndian" name="HLDAPSalariedOnlyTopupIndian" time="17.400">
    <skipped/>
  </testcase> <!-- HLDAPSalariedOnlyTopupIndian -->
  <system-out/>
</testsuite> <!-- TestCases.TC11HLDAPSalariedOnlyTopUpIndian -->
