<?xml version="1.0" encoding="UTF-8"?>
<!-- Generated by org.testng.reporters.JUnitReportReporter -->
<testsuite hostname="VrundaV" failures="0" tests="1" name="TestCases.TC01CRMHLLeadGeneration" time="5.835" errors="0" timestamp="2022-06-24T16:49:52 IST" skipped="1">
  <testcase classname="TestCases.TC01CRMHLLeadGeneration" name="CRMHLLeadgeneration" time="5.835">
    <skipped/>
  </testcase> <!-- CRMHLLeadgeneration -->
  <system-out/>
</testsuite> <!-- TestCases.TC01CRMHLLeadGeneration -->
