<?xml version="1.0" encoding="UTF-8"?>
<!-- Generated by org.testng.reporters.JUnitReportReporter -->
<testsuite hostname="VrundaV" failures="0" tests="1" name="TestCases.TC13HLDAPOnlyTopUpIndividual" time="1.124" errors="0" timestamp="2022-07-12T14:39:08 IST" skipped="1">
  <testcase classname="TestCases.TC13HLDAPOnlyTopUpIndividual" name="HLDAPOnlyTopUpIndividual" time="1.124">
    <skipped/>
  </testcase> <!-- HLDAPOnlyTopUpIndividual -->
  <system-out/>
</testsuite> <!-- TestCases.TC13HLDAPOnlyTopUpIndividual -->
