<?xml version="1.0" encoding="UTF-8"?>
<!-- Generated by org.testng.reporters.JUnitReportReporter -->
<testsuite hostname="VrundaV" failures="0" tests="1" name="TestCases.TC05HLDAPHomeLoanIndividual" time="0.627" errors="0" timestamp="2022-07-12T14:39:08 IST" skipped="1">
  <testcase classname="TestCases.TC05HLDAPHomeLoanIndividual" name="HLDAPHomeLoanIndividual" time="0.627">
    <skipped/>
  </testcase> <!-- HLDAPHomeLoanIndividual -->
  <system-out/>
</testsuite> <!-- TestCases.TC05HLDAPHomeLoanIndividual -->
