<?xml version="1.0" encoding="UTF-8"?>
<!-- Generated by org.testng.reporters.JUnitReportReporter -->
<testsuite hostname="VrundaV" failures="0" tests="1" name="TestCases.TC03HLDAPHomeLoanSalariedIndian" time="0.438" errors="0" timestamp="2022-07-12T14:39:08 IST" skipped="1">
  <testcase classname="TestCases.TC03HLDAPHomeLoanSalariedIndian" name="HLDAPHomeLoanSalariedIndian" time="0.438">
    <skipped/>
  </testcase> <!-- HLDAPHomeLoanSalariedIndian -->
  <system-out/>
</testsuite> <!-- TestCases.TC03HLDAPHomeLoanSalariedIndian -->
