<?xml version="1.0" encoding="UTF-8"?>
<!-- Generated by org.testng.reporters.JUnitReportReporter -->
<testsuite hostname="VrundaV" failures="0" tests="1" name="TestCases.TC13HLDAPOnlyTopUpIndividual" time="833.210" errors="0" timestamp="2022-06-28T12:41:28 IST" skipped="0">
  <testcase classname="TestCases.TC13HLDAPOnlyTopUpIndividual" name="HLDAPOnlyTopUpIndividual" time="833.210"/>
  <system-out/>
</testsuite> <!-- TestCases.TC13HLDAPOnlyTopUpIndividual -->
