<?xml version="1.0" encoding="UTF-8"?>
<!-- Generated by org.testng.reporters.JUnitReportReporter -->
<testsuite hostname="VrundaV" failures="0" tests="1" name="TestCases.TC16HLDAPKotakSmartHomeSalariedNRI" time="1.322" errors="0" timestamp="2022-07-12T14:39:08 IST" skipped="1">
  <testcase classname="TestCases.TC16HLDAPKotakSmartHomeSalariedNRI" name="HLDAPKotakSmartHomeSalariedNRI" time="1.322">
    <skipped/>
  </testcase> <!-- HLDAPKotakSmartHomeSalariedNRI -->
  <system-out/>
</testsuite> <!-- TestCases.TC16HLDAPKotakSmartHomeSalariedNRI -->
