<?xml version="1.0" encoding="UTF-8"?>
<!-- Generated by org.testng.reporters.JUnitReportReporter -->
<testsuite hostname="VrundaV" failures="0" tests="1" name="TestCases.CRMHLLeadGeneration" time="1.219" errors="0" timestamp="2022-06-20T17:49:05 IST" skipped="1">
  <testcase classname="TestCases.CRMHLLeadGeneration" name="CRMHLLeadgeneration" time="1.219">
    <skipped/>
  </testcase> <!-- CRMHLLeadgeneration -->
  <system-out/>
</testsuite> <!-- TestCases.CRMHLLeadGeneration -->
