<?xml version="1.0" encoding="UTF-8"?>
<!-- Generated by org.testng.reporters.JUnitReportReporter -->
<testsuite hostname="VrundaV" failures="0" tests="1" name="TestCases.TC14HLDAPOnlyTopUpNonIndividual" time="1.051" errors="0" timestamp="2022-06-30T17:20:38 IST" skipped="1">
  <testcase classname="TestCases.TC14HLDAPOnlyTopUpNonIndividual" name="HLDAPOnlyTopUpNonIndividual" time="1.051">
    <skipped/>
  </testcase> <!-- HLDAPOnlyTopUpNonIndividual -->
  <system-out/>
</testsuite> <!-- TestCases.TC14HLDAPOnlyTopUpNonIndividual -->
