<?xml version="1.0" encoding="UTF-8"?>
<!-- Generated by org.testng.reporters.JUnitReportReporter -->
<testsuite hostname="VrundaV" failures="0" tests="1" name="TestCases.TC02SecuredCCDAP" time="2.793" errors="0" timestamp="2022-07-12T14:39:08 IST" skipped="1">
  <testcase classname="TestCases.TC02SecuredCCDAP" name="SecuredCCDap" time="2.793">
    <skipped/>
  </testcase> <!-- SecuredCCDap -->
  <system-out/>
</testsuite> <!-- TestCases.TC02SecuredCCDAP -->
