<?xml version="1.0" encoding="UTF-8"?>
<!-- Generated by org.testng.reporters.JUnitReportReporter -->
<testsuite hostname="VrundaV" failures="0" tests="1" name="TestCases.TC04HLDAPHomeLoanSalariedNRI" time="0.416" errors="0" timestamp="2022-06-30T17:20:38 IST" skipped="1">
  <testcase classname="TestCases.TC04HLDAPHomeLoanSalariedNRI" name="HLDAPHomeLoanSalariedNRI" time="0.416">
    <skipped/>
  </testcase> <!-- HLDAPHomeLoanSalariedNRI -->
  <system-out/>
</testsuite> <!-- TestCases.TC04HLDAPHomeLoanSalariedNRI -->
