<?xml version="1.0" encoding="UTF-8"?>
<!-- Generated by org.testng.reporters.JUnitReportReporter -->
<testsuite hostname="VrundaV" failures="0" tests="5" name="TestSripts.runTest" time="54.209" errors="0" timestamp="2022-06-15T09:41:53 IST" skipped="0">
  <testcase classname="TestSripts.runTest" name="HLSalesDAP" time="1.054"/>
  <system-out/>
  <testcase classname="TestSripts.runTest" name="CRMLeadGeneration" time="2.956"/>
  <system-out/>
  <testcase classname="TestSripts.runTest" name="HLDAPSalariedHomeloanNRI" time="48.316"/>
  <system-out/>
  <testcase classname="TestSripts.runTest" name="SecuredCCDAP" time="0.904"/>
  <system-out/>
  <testcase classname="TestSripts.runTest" name="HLDAPSelfEmpIndividualHomeLoan" time="0.979"/>
  <system-out/>
</testsuite> <!-- TestSripts.runTest -->
