<?xml version="1.0" encoding="UTF-8"?>
<!-- Generated by org.testng.reporters.JUnitReportReporter -->
<testsuite hostname="VrundaV" failures="0" tests="1" name="TestCases.TC07HLDAPSalariedBalanceTransferIndian" time="10.968" errors="0" timestamp="2022-06-24T16:49:52 IST" skipped="1">
  <testcase classname="TestCases.TC07HLDAPSalariedBalanceTransferIndian" name="HLDAPSalariedBalanceTransferInd" time="10.968">
    <skipped/>
  </testcase> <!-- HLDAPSalariedBalanceTransferInd -->
  <system-out/>
</testsuite> <!-- TestCases.TC07HLDAPSalariedBalanceTransferIndian -->
