<?xml version="1.0" encoding="UTF-8"?>
<!-- Generated by org.testng.reporters.JUnitReportReporter -->
<testsuite hostname="VrundaV" failures="0" tests="1" name="TestCases.HLDAPSalariedHomeLoanNRI" time="0.444" errors="0" timestamp="2022-06-22T15:37:04 IST" skipped="1">
  <testcase classname="TestCases.HLDAPSalariedHomeLoanNRI" name="HLDAPSalariedHomeloanNRI" time="0.444">
    <skipped/>
  </testcase> <!-- HLDAPSalariedHomeloanNRI -->
  <system-out/>
</testsuite> <!-- TestCases.HLDAPSalariedHomeLoanNRI -->
